{"/home/wangfan/nodes/share-doc/jest/example/src/emitter.ts": {"path":"/home/wangfan/nodes/share-doc/jest/example/src/emitter.ts","statementMap":{"0":{"start":{"line":1,"column":0},"end":{"line":1,"column":27}},"1":{"start":{"line":4,"column":13},"end":{"line":4,"column":null}}},"fnMap":{},"branchMap":{},"s":{"0":1,"1":1},"f":{},"b":{}}
,"/home/wangfan/nodes/share-doc/jest/example/src/logout.ts": {"path":"/home/wangfan/nodes/share-doc/jest/example/src/logout.ts","statementMap":{"0":{"start":{"line":2,"column":13},"end":{"line":7,"column":null}},"1":{"start":{"line":3,"column":10},"end":{"line":3,"column":28}},"2":{"start":{"line":4,"column":2},"end":{"line":6,"column":null}}},"fnMap":{"0":{"name":"(anonymous_0)","decl":{"start":{"line":2,"column":22},"end":{"line":2,"column":null}},"loc":{"start":{"line":2,"column":22},"end":{"line":7,"column":1}}}},"branchMap":{},"s":{"0":1,"1":1,"2":1},"f":{"0":1},"b":{}}
,"/home/wangfan/nodes/share-doc/jest/example/src/request.ts": {"path":"/home/wangfan/nodes/share-doc/jest/example/src/request.ts","statementMap":{"0":{"start":{"line":1,"column":0},"end":{"line":1,"column":29}},"1":{"start":{"line":3,"column":0},"end":{"line":3,"column":36}},"2":{"start":{"line":6,"column":13},"end":{"line":17,"column":null}},"3":{"start":{"line":7,"column":2},"end":{"line":16,"column":null}},"4":{"start":{"line":8,"column":4},"end":{"line":15,"column":null}},"5":{"start":{"line":10,"column":21},"end":{"line":10,"column":91}},"6":{"start":{"line":11,"column":8},"end":{"line":11,"column":null}},"7":{"start":{"line":12,"column":8},"end":{"line":12,"column":null}},"8":{"start":{"line":18,"column":13},"end":{"line":20,"column":null}},"9":{"start":{"line":19,"column":2},"end":{"line":19,"column":null}}},"fnMap":{"0":{"name":"(anonymous_0)","decl":{"start":{"line":6,"column":29},"end":{"line":6,"column":null}},"loc":{"start":{"line":6,"column":29},"end":{"line":17,"column":1}}},"1":{"name":"(anonymous_1)","decl":{"start":{"line":7,"column":21},"end":{"line":7,"column":22}},"loc":{"start":{"line":7,"column":22},"end":{"line":16,"column":3}}},"2":{"name":"(anonymous_2)","decl":{"start":{"line":9,"column":13},"end":{"line":9,"column":null}},"loc":{"start":{"line":9,"column":13},"end":{"line":13,"column":7}}},"3":{"name":"(anonymous_3)","decl":{"start":{"line":18,"column":38},"end":{"line":18,"column":null}},"loc":{"start":{"line":18,"column":38},"end":{"line":20,"column":1}}}},"branchMap":{},"s":{"0":3,"1":3,"2":3,"3":6,"4":6,"5":4,"6":4,"7":4,"8":3,"9":2},"f":{"0":6,"1":6,"2":4,"3":2},"b":{}}
,"/home/wangfan/nodes/share-doc/jest/example/src/components/SearchWithEvent.tsx": {"path":"/home/wangfan/nodes/share-doc/jest/example/src/components/SearchWithEvent.tsx","statementMap":{"0":{"start":{"line":1,"column":0},"end":{"line":1,"column":30}},"1":{"start":{"line":2,"column":0},"end":{"line":2,"column":54}},"2":{"start":{"line":3,"column":0},"end":{"line":3,"column":36}},"3":{"start":{"line":15,"column":0},"end":{"line":15,"column":60}},"4":{"start":{"line":15,"column":37},"end":{"line":15,"column":42}},"5":{"start":{"line":16,"column":2},"end":{"line":18,"column":null}},"6":{"start":{"line":17,"column":4},"end":{"line":17,"column":null}},"7":{"start":{"line":23,"column":2},"end":{"line":25,"column":null}},"8":{"start":{"line":24,"column":4},"end":{"line":24,"column":null}},"9":{"start":{"line":27,"column":2},"end":{"line":36,"column":null}},"10":{"start":{"line":28,"column":12},"end":{"line":28,"column":20}},"11":{"start":{"line":29,"column":4},"end":{"line":35,"column":null}},"12":{"start":{"line":37,"column":0},"end":{"line":37,"column":null}},"13":{"start":{"line":15,"column":13},"end":{"line":15,"column":28}}},"fnMap":{"0":{"name":"(anonymous_7)","decl":{"start":{"line":15,"column":0},"end":{"line":15,"column":13}},"loc":{"start":{"line":15,"column":0},"end":{"line":37,"column":null}}},"1":{"name":"(anonymous_9)","decl":{"start":{"line":16,"column":2},"end":{"line":16,"column":19}},"loc":{"start":{"line":16,"column":2},"end":{"line":18,"column":3}}},"2":{"name":"(anonymous_10)","decl":{"start":{"line":23,"column":2},"end":{"line":23,"column":22}},"loc":{"start":{"line":23,"column":2},"end":{"line":25,"column":3}}},"3":{"name":"(anonymous_11)","decl":{"start":{"line":27,"column":2},"end":{"line":27,"column":8}},"loc":{"start":{"line":27,"column":2},"end":{"line":36,"column":3}}}},"branchMap":{},"s":{"0":1,"1":1,"2":1,"3":1,"4":1,"5":1,"6":1,"7":1,"8":1,"9":1,"10":1,"11":1,"12":1,"13":1},"f":{"0":2,"1":1,"2":1,"3":1},"b":{}}
,"/home/wangfan/nodes/share-doc/jest/example/src/components/ComplexSearch/index.tsx": {"path":"/home/wangfan/nodes/share-doc/jest/example/src/components/ComplexSearch/index.tsx","statementMap":{"0":{"start":{"line":1,"column":0},"end":{"line":1,"column":30}},"1":{"start":{"line":2,"column":0},"end":{"line":2,"column":57}},"2":{"start":{"line":5,"column":0},"end":{"line":5,"column":57}},"3":{"start":{"line":11,"column":0},"end":{"line":11,"column":58}},"4":{"start":{"line":11,"column":35},"end":{"line":11,"column":40}},"5":{"start":{"line":11,"column":0},"end":{"line":11,"column":13}},"6":{"start":{"line":81,"column":9},"end":{"line":81,"column":null}},"7":{"start":{"line":83,"column":9},"end":{"line":83,"column":null}},"8":{"start":{"line":85,"column":9},"end":{"line":108,"column":null}},"9":{"start":{"line":86,"column":12},"end":{"line":86,"column":16}},"10":{"start":{"line":87,"column":4},"end":{"line":107,"column":null}},"11":{"start":{"line":109,"column":0},"end":{"line":109,"column":null}},"12":{"start":{"line":11,"column":13},"end":{"line":11,"column":26}}},"fnMap":{"0":{"name":"(anonymous_7)","decl":{"start":{"line":11,"column":0},"end":{"line":11,"column":13}},"loc":{"start":{"line":11,"column":0},"end":{"line":109,"column":null}}},"1":{"name":"(anonymous_9)","decl":{"start":{"line":85,"column":2},"end":{"line":85,"column":9}},"loc":{"start":{"line":85,"column":2},"end":{"line":108,"column":3}}}},"branchMap":{"0":{"loc":{"start":{"line":11,"column":0},"end":{"line":11,"column":13}},"type":"binary-expr","locations":[{"start":{"line":11,"column":0},"end":{"line":11,"column":13}},{"start":{"line":11,"column":0},"end":{"line":11,"column":13}},{"start":{"line":11,"column":0},"end":{"line":11,"column":13}}]}},"s":{"0":1,"1":1,"2":1,"3":1,"4":1,"5":1,"6":1,"7":1,"8":1,"9":1,"10":1,"11":1,"12":1},"f":{"0":2,"1":1},"b":{"0":[1,1,1]}}
,"/home/wangfan/nodes/share-doc/jest/example/src/components/ComplexSearch/util.ts": {"path":"/home/wangfan/nodes/share-doc/jest/example/src/components/ComplexSearch/util.ts","statementMap":{"0":{"start":{"line":4,"column":0},"end":{"line":4,"column":27}},"1":{"start":{"line":13,"column":13},"end":{"line":28,"column":null}},"2":{"start":{"line":13,"column":60},"end":{"line":28,"column":null}},"3":{"start":{"line":14,"column":2},"end":{"line":26,"column":null}},"4":{"start":{"line":15,"column":4},"end":{"line":17,"column":null}},"5":{"start":{"line":16,"column":6},"end":{"line":16,"column":null}},"6":{"start":{"line":18,"column":4},"end":{"line":20,"column":null}},"7":{"start":{"line":19,"column":6},"end":{"line":19,"column":null}},"8":{"start":{"line":21,"column":13},"end":{"line":21,"column":54}},"9":{"start":{"line":22,"column":4},"end":{"line":25,"column":null}},"10":{"start":{"line":23,"column":6},"end":{"line":23,"column":null}},"11":{"start":{"line":24,"column":6},"end":{"line":24,"column":null}},"12":{"start":{"line":27,"column":2},"end":{"line":27,"column":null}},"13":{"start":{"line":36,"column":13},"end":{"line":54,"column":null}},"14":{"start":{"line":36,"column":58},"end":{"line":54,"column":null}},"15":{"start":{"line":37,"column":2},"end":{"line":52,"column":null}},"16":{"start":{"line":38,"column":4},"end":{"line":40,"column":null}},"17":{"start":{"line":39,"column":6},"end":{"line":39,"column":null}},"18":{"start":{"line":41,"column":4},"end":{"line":43,"column":null}},"19":{"start":{"line":42,"column":6},"end":{"line":42,"column":null}},"20":{"start":{"line":44,"column":15},"end":{"line":44,"column":58}},"21":{"start":{"line":45,"column":4},"end":{"line":51,"column":null}},"22":{"start":{"line":46,"column":6},"end":{"line":48,"column":null}},"23":{"start":{"line":47,"column":8},"end":{"line":47,"column":null}},"24":{"start":{"line":49,"column":6},"end":{"line":49,"column":null}},"25":{"start":{"line":50,"column":6},"end":{"line":50,"column":null}},"26":{"start":{"line":53,"column":2},"end":{"line":53,"column":null}}},"fnMap":{"0":{"name":"(anonymous_1)","decl":{"start":{"line":13,"column":32},"end":{"line":13,"column":33}},"loc":{"start":{"line":13,"column":55},"end":{"line":13,"column":61}}},"1":{"name":"(anonymous_2)","decl":{"start":{"line":13,"column":60},"end":{"line":13,"column":61}},"loc":{"start":{"line":13,"column":84},"end":{"line":28,"column":1}}},"2":{"name":"(anonymous_3)","decl":{"start":{"line":36,"column":30},"end":{"line":36,"column":31}},"loc":{"start":{"line":36,"column":53},"end":{"line":36,"column":59}}},"3":{"name":"(anonymous_4)","decl":{"start":{"line":36,"column":58},"end":{"line":36,"column":59}},"loc":{"start":{"line":36,"column":82},"end":{"line":54,"column":1}}}},"branchMap":{"0":{"loc":{"start":{"line":14,"column":2},"end":{"line":26,"column":null}},"type":"if","locations":[{"start":{"line":14,"column":2},"end":{"line":26,"column":null}},{"start":{"line":14,"column":2},"end":{"line":26,"column":null}}]},"1":{"loc":{"start":{"line":15,"column":4},"end":{"line":17,"column":null}},"type":"if","locations":[{"start":{"line":15,"column":4},"end":{"line":17,"column":null}},{"start":{"line":15,"column":4},"end":{"line":17,"column":null}}]},"2":{"loc":{"start":{"line":18,"column":4},"end":{"line":20,"column":null}},"type":"if","locations":[{"start":{"line":18,"column":4},"end":{"line":20,"column":null}},{"start":{"line":18,"column":4},"end":{"line":20,"column":null}}]},"3":{"loc":{"start":{"line":22,"column":4},"end":{"line":25,"column":null}},"type":"if","locations":[{"start":{"line":22,"column":4},"end":{"line":25,"column":null}},{"start":{"line":22,"column":4},"end":{"line":25,"column":null}}]},"4":{"loc":{"start":{"line":24,"column":13},"end":{"line":24,"column":33}},"type":"binary-expr","locations":[{"start":{"line":24,"column":13},"end":{"line":24,"column":33}},{"start":{"line":24,"column":37},"end":{"line":24,"column":79}}]},"5":{"loc":{"start":{"line":37,"column":2},"end":{"line":52,"column":null}},"type":"if","locations":[{"start":{"line":37,"column":2},"end":{"line":52,"column":null}},{"start":{"line":37,"column":2},"end":{"line":52,"column":null}}]},"6":{"loc":{"start":{"line":38,"column":4},"end":{"line":40,"column":null}},"type":"if","locations":[{"start":{"line":38,"column":4},"end":{"line":40,"column":null}},{"start":{"line":38,"column":4},"end":{"line":40,"column":null}}]},"7":{"loc":{"start":{"line":41,"column":4},"end":{"line":43,"column":null}},"type":"if","locations":[{"start":{"line":41,"column":4},"end":{"line":43,"column":null}},{"start":{"line":41,"column":4},"end":{"line":43,"column":null}}]},"8":{"loc":{"start":{"line":45,"column":4},"end":{"line":51,"column":null}},"type":"if","locations":[{"start":{"line":45,"column":4},"end":{"line":51,"column":null}},{"start":{"line":45,"column":4},"end":{"line":51,"column":null}}]},"9":{"loc":{"start":{"line":46,"column":6},"end":{"line":48,"column":null}},"type":"if","locations":[{"start":{"line":46,"column":6},"end":{"line":48,"column":null}},{"start":{"line":46,"column":6},"end":{"line":48,"column":null}}]}},"s":{"0":2,"1":2,"2":10,"3":9,"4":8,"5":1,"6":7,"7":1,"8":6,"9":6,"10":4,"11":4,"12":3,"13":2,"14":10,"15":9,"16":8,"17":1,"18":7,"19":1,"20":6,"21":6,"22":4,"23":1,"24":3,"25":3,"26":3},"f":{"0":10,"1":9,"2":10,"3":9},"b":{"0":[8,1],"1":[1,7],"2":[1,6],"3":[4,2],"4":[4,3],"5":[8,1],"6":[1,7],"7":[1,6],"8":[4,2],"9":[1,3]}}
,"/home/wangfan/nodes/share-doc/jest/example/src/components/User/List.tsx": {"path":"/home/wangfan/nodes/share-doc/jest/example/src/components/User/List.tsx","statementMap":{"0":{"start":{"line":1,"column":0},"end":{"line":1,"column":30}},"1":{"start":{"line":2,"column":0},"end":{"line":2,"column":45}},"2":{"start":{"line":3,"column":0},"end":{"line":3,"column":34}},"3":{"start":{"line":5,"column":0},"end":{"line":5,"column":60}},"4":{"start":{"line":7,"column":0},"end":{"line":7,"column":40}},"5":{"start":{"line":9,"column":44},"end":{"line":18,"column":null}},"6":{"start":{"line":28,"column":0},"end":{"line":28,"column":49}},"7":{"start":{"line":28,"column":26},"end":{"line":28,"column":31}},"8":{"start":{"line":29,"column":2},"end":{"line":31,"column":null}},"9":{"start":{"line":30,"column":4},"end":{"line":30,"column":null}},"10":{"start":{"line":33,"column":2},"end":{"line":35,"column":null}},"11":{"start":{"line":34,"column":4},"end":{"line":34,"column":null}},"12":{"start":{"line":37,"column":2},"end":{"line":44,"column":null}},"13":{"start":{"line":38,"column":12},"end":{"line":38,"column":16}},"14":{"start":{"line":39,"column":4},"end":{"line":43,"column":null}},"15":{"start":{"line":28,"column":13},"end":{"line":45,"column":null}},"16":{"start":{"line":45,"column":0},"end":{"line":45,"column":null}},"17":{"start":{"line":28,"column":13},"end":{"line":28,"column":17}}},"fnMap":{"0":{"name":"(anonymous_8)","decl":{"start":{"line":28,"column":0},"end":{"line":28,"column":13}},"loc":{"start":{"line":28,"column":0},"end":{"line":28,"column":13}}},"1":{"name":"(anonymous_10)","decl":{"start":{"line":29,"column":2},"end":{"line":29,"column":19}},"loc":{"start":{"line":29,"column":2},"end":{"line":31,"column":3}}},"2":{"name":"(anonymous_11)","decl":{"start":{"line":33,"column":2},"end":{"line":33,"column":22}},"loc":{"start":{"line":33,"column":2},"end":{"line":35,"column":3}}},"3":{"name":"(anonymous_12)","decl":{"start":{"line":37,"column":2},"end":{"line":37,"column":8}},"loc":{"start":{"line":37,"column":2},"end":{"line":44,"column":3}}}},"branchMap":{},"s":{"0":1,"1":1,"2":1,"3":1,"4":1,"5":1,"6":1,"7":1,"8":1,"9":3,"10":1,"11":1,"12":1,"13":7,"14":7,"15":1,"16":1,"17":1},"f":{"0":4,"1":3,"2":1,"3":7},"b":{}}
,"/home/wangfan/nodes/share-doc/jest/example/src/components/User/Search.tsx": {"path":"/home/wangfan/nodes/share-doc/jest/example/src/components/User/Search.tsx","statementMap":{"0":{"start":{"line":1,"column":0},"end":{"line":1,"column":30}},"1":{"start":{"line":2,"column":0},"end":{"line":2,"column":54}},"2":{"start":{"line":3,"column":0},"end":{"line":3,"column":40}},"3":{"start":{"line":11,"column":0},"end":{"line":11,"column":null}},"4":{"start":{"line":11,"column":28},"end":{"line":11,"column":33}},"5":{"start":{"line":12,"column":2},"end":{"line":31,"column":null}},"6":{"start":{"line":13,"column":4},"end":{"line":30,"column":null}},"7":{"start":{"line":16,"column":10},"end":{"line":16,"column":null}},"8":{"start":{"line":17,"column":10},"end":{"line":17,"column":null}},"9":{"start":{"line":32,"column":0},"end":{"line":32,"column":null}},"10":{"start":{"line":11,"column":13},"end":{"line":11,"column":19}}},"fnMap":{"0":{"name":"(anonymous_7)","decl":{"start":{"line":11,"column":0},"end":{"line":11,"column":13}},"loc":{"start":{"line":11,"column":0},"end":{"line":32,"column":null}}},"1":{"name":"(anonymous_9)","decl":{"start":{"line":12,"column":2},"end":{"line":12,"column":8}},"loc":{"start":{"line":12,"column":2},"end":{"line":31,"column":3}}},"2":{"name":"(anonymous_10)","decl":{"start":{"line":15,"column":18},"end":{"line":15,"column":19}},"loc":{"start":{"line":15,"column":19},"end":{"line":18,"column":9}}}},"branchMap":{},"s":{"0":1,"1":1,"2":1,"3":1,"4":1,"5":1,"6":3,"7":1,"8":1,"9":1,"10":1},"f":{"0":4,"1":3,"2":1},"b":{}}
,"/home/wangfan/nodes/share-doc/jest/example/src/stores/user.ts": {"path":"/home/wangfan/nodes/share-doc/jest/example/src/stores/user.ts","statementMap":{"0":{"start":{"line":1,"column":0},"end":{"line":1,"column":33}},"1":{"start":{"line":9,"column":0},"end":{"line":9,"column":13}},"2":{"start":{"line":12,"column":9},"end":{"line":12,"column":null}},"3":{"start":{"line":12,"column":2},"end":{"line":12,"column":null}},"4":{"start":{"line":13,"column":0},"end":{"line":13,"column":null}},"5":{"start":{"line":9,"column":13},"end":{"line":9,"column":17}},"6":{"start":{"line":15,"column":13},"end":{"line":15,"column":null}}},"fnMap":{"0":{"name":"(anonymous_1)","decl":{"start":{"line":9,"column":0},"end":{"line":9,"column":13}},"loc":{"start":{"line":9,"column":0},"end":{"line":9,"column":13}}}},"branchMap":{},"s":{"0":3,"1":3,"2":3,"3":3,"4":3,"5":3,"6":3},"f":{"0":6},"b":{}}
,"/home/wangfan/nodes/share-doc/jest/example/src/utils/isEmail.ts": {"path":"/home/wangfan/nodes/share-doc/jest/example/src/utils/isEmail.ts","statementMap":{"0":{"start":{"line":4,"column":13},"end":{"line":6,"column":null}},"1":{"start":{"line":5,"column":2},"end":{"line":5,"column":null}}},"fnMap":{"0":{"name":"(anonymous_0)","decl":{"start":{"line":4,"column":23},"end":{"line":4,"column":24}},"loc":{"start":{"line":4,"column":33},"end":{"line":6,"column":1}}}},"branchMap":{},"s":{"0":1,"1":2},"f":{"0":2},"b":{}}
,"/home/wangfan/nodes/share-doc/jest/example/src/utils/toFixed.ts": {"path":"/home/wangfan/nodes/share-doc/jest/example/src/utils/toFixed.ts","statementMap":{"0":{"start":{"line":1,"column":13},"end":{"line":1,"column":null}},"1":{"start":{"line":7,"column":13},"end":{"line":12,"column":null}},"2":{"start":{"line":7,"column":47},"end":{"line":7,"column":null}},"3":{"start":{"line":8,"column":2},"end":{"line":10,"column":null}},"4":{"start":{"line":9,"column":4},"end":{"line":9,"column":null}},"5":{"start":{"line":11,"column":2},"end":{"line":11,"column":null}}},"fnMap":{"0":{"name":"(anonymous_0)","decl":{"start":{"line":7,"column":23},"end":{"line":7,"column":24}},"loc":{"start":{"line":7,"column":60},"end":{"line":12,"column":1}}}},"branchMap":{"0":{"loc":{"start":{"line":7,"column":47},"end":{"line":7,"column":null}},"type":"if","locations":[{"start":{"line":7,"column":47},"end":{"line":7,"column":null}},{"start":{"line":7,"column":47},"end":{"line":7,"column":null}}]},"1":{"loc":{"start":{"line":8,"column":2},"end":{"line":10,"column":null}},"type":"if","locations":[{"start":{"line":8,"column":2},"end":{"line":10,"column":null}},{"start":{"line":8,"column":2},"end":{"line":10,"column":null}}]},"2":{"loc":{"start":{"line":8,"column":6},"end":{"line":8,"column":20}},"type":"binary-expr","locations":[{"start":{"line":8,"column":6},"end":{"line":8,"column":20}},{"start":{"line":8,"column":24},"end":{"line":8,"column":43}},{"start":{"line":8,"column":47},"end":{"line":8,"column":66}}]}},"s":{"0":1,"1":1,"2":14,"3":8,"4":3,"5":5},"f":{"0":8},"b":{"0":[6,2],"1":[3,5],"2":[8,7,6]}}
}
