TN:
SF:/home/wangfan/nodes/share-doc/jest/example/src/emitter.ts
FNF:0
FNH:0
DA:1,1
DA:4,1
LF:2
LH:2
BRF:0
BRH:0
end_of_record
TN:
SF:/home/wangfan/nodes/share-doc/jest/example/src/logout.ts
FN:2,(anonymous_0)
FNF:1
FNH:1
FNDA:1,(anonymous_0)
DA:2,1
DA:3,1
DA:4,1
LF:3
LH:3
BRF:0
BRH:0
end_of_record
TN:
SF:/home/wangfan/nodes/share-doc/jest/example/src/request.ts
FN:6,(anonymous_0)
FN:7,(anonymous_1)
FN:9,(anonymous_2)
FN:18,(anonymous_3)
FNF:4
FNH:4
FNDA:6,(anonymous_0)
FNDA:6,(anonymous_1)
FNDA:4,(anonymous_2)
FNDA:2,(anonymous_3)
DA:1,3
DA:3,3
DA:6,3
DA:7,6
DA:8,6
DA:10,4
DA:11,4
DA:12,4
DA:18,3
DA:19,2
LF:10
LH:10
BRF:0
BRH:0
end_of_record
TN:
SF:/home/wangfan/nodes/share-doc/jest/example/src/components/SearchWithEvent.tsx
FN:15,(anonymous_7)
FN:16,(anonymous_9)
FN:23,(anonymous_10)
FN:27,(anonymous_11)
FNF:4
FNH:4
FNDA:2,(anonymous_7)
FNDA:1,(anonymous_9)
FNDA:1,(anonymous_10)
FNDA:1,(anonymous_11)
DA:1,1
DA:2,1
DA:3,1
DA:15,1
DA:16,1
DA:17,1
DA:23,1
DA:24,1
DA:27,1
DA:28,1
DA:29,1
DA:37,1
LF:12
LH:12
BRF:0
BRH:0
end_of_record
TN:
SF:/home/wangfan/nodes/share-doc/jest/example/src/components/ComplexSearch/index.tsx
FN:11,(anonymous_7)
FN:85,(anonymous_9)
FNF:2
FNH:2
FNDA:2,(anonymous_7)
FNDA:1,(anonymous_9)
DA:1,1
DA:2,1
DA:5,1
DA:11,1
DA:81,1
DA:83,1
DA:85,1
DA:86,1
DA:87,1
DA:109,1
LF:10
LH:10
BRDA:11,0,0,1
BRDA:11,0,1,1
BRDA:11,0,2,1
BRF:3
BRH:3
end_of_record
TN:
SF:/home/wangfan/nodes/share-doc/jest/example/src/components/ComplexSearch/util.ts
FN:13,(anonymous_1)
FN:13,(anonymous_2)
FN:36,(anonymous_3)
FN:36,(anonymous_4)
FNF:4
FNH:4
FNDA:10,(anonymous_1)
FNDA:9,(anonymous_2)
FNDA:10,(anonymous_3)
FNDA:9,(anonymous_4)
DA:4,2
DA:13,10
DA:14,9
DA:15,8
DA:16,1
DA:18,7
DA:19,1
DA:21,6
DA:22,6
DA:23,4
DA:24,4
DA:27,3
DA:36,10
DA:37,9
DA:38,8
DA:39,1
DA:41,7
DA:42,1
DA:44,6
DA:45,6
DA:46,4
DA:47,1
DA:49,3
DA:50,3
DA:53,3
LF:25
LH:25
BRDA:14,0,0,8
BRDA:14,0,1,1
BRDA:15,1,0,1
BRDA:15,1,1,7
BRDA:18,2,0,1
BRDA:18,2,1,6
BRDA:22,3,0,4
BRDA:22,3,1,2
BRDA:24,4,0,4
BRDA:24,4,1,3
BRDA:37,5,0,8
BRDA:37,5,1,1
BRDA:38,6,0,1
BRDA:38,6,1,7
BRDA:41,7,0,1
BRDA:41,7,1,6
BRDA:45,8,0,4
BRDA:45,8,1,2
BRDA:46,9,0,1
BRDA:46,9,1,3
BRF:20
BRH:20
end_of_record
TN:
SF:/home/wangfan/nodes/share-doc/jest/example/src/components/User/List.tsx
FN:28,(anonymous_8)
FN:29,(anonymous_10)
FN:33,(anonymous_11)
FN:37,(anonymous_12)
FNF:4
FNH:4
FNDA:4,(anonymous_8)
FNDA:3,(anonymous_10)
FNDA:1,(anonymous_11)
FNDA:7,(anonymous_12)
DA:1,1
DA:2,1
DA:3,1
DA:5,1
DA:7,1
DA:9,1
DA:28,1
DA:29,1
DA:30,3
DA:33,1
DA:34,1
DA:37,1
DA:38,7
DA:39,7
DA:45,1
LF:15
LH:15
BRF:0
BRH:0
end_of_record
TN:
SF:/home/wangfan/nodes/share-doc/jest/example/src/components/User/Search.tsx
FN:11,(anonymous_7)
FN:12,(anonymous_9)
FN:15,(anonymous_10)
FNF:3
FNH:3
FNDA:4,(anonymous_7)
FNDA:3,(anonymous_9)
FNDA:1,(anonymous_10)
DA:1,1
DA:2,1
DA:3,1
DA:11,1
DA:12,1
DA:13,3
DA:16,1
DA:17,1
DA:32,1
LF:9
LH:9
BRF:0
BRH:0
end_of_record
TN:
SF:/home/wangfan/nodes/share-doc/jest/example/src/stores/user.ts
FN:9,(anonymous_1)
FNF:1
FNH:1
FNDA:6,(anonymous_1)
DA:1,3
DA:9,3
DA:12,3
DA:13,3
DA:15,3
LF:5
LH:5
BRF:0
BRH:0
end_of_record
TN:
SF:/home/wangfan/nodes/share-doc/jest/example/src/utils/isEmail.ts
FN:4,(anonymous_0)
FNF:1
FNH:1
FNDA:2,(anonymous_0)
DA:4,1
DA:5,2
LF:2
LH:2
BRF:0
BRH:0
end_of_record
TN:
SF:/home/wangfan/nodes/share-doc/jest/example/src/utils/toFixed.ts
FN:7,(anonymous_0)
FNF:1
FNH:1
FNDA:8,(anonymous_0)
DA:1,1
DA:7,14
DA:8,8
DA:9,3
DA:11,5
LF:5
LH:5
BRDA:7,0,0,6
BRDA:7,0,1,2
BRDA:8,1,0,3
BRDA:8,1,1,5
BRDA:8,2,0,8
BRDA:8,2,1,7
BRDA:8,2,2,6
BRF:7
BRH:7
end_of_record
